<?xml version="1.0" encoding="UTF-8"?>
<testng-results skipped="1" failed="0" total="1" passed="0">
  <reporter-output>
  </reporter-output>
  <suite name="Default suite" duration-ms="55534" started-at="2017-03-30T17:38:06Z" finished-at="2017-03-30T17:39:01Z">
    <groups>
    </groups>
    <test name="Default test" duration-ms="55534" started-at="2017-03-30T17:38:06Z" finished-at="2017-03-30T17:39:01Z">
      <class name="test.TestNGExample.NewTest">
        <test-method status="FAIL" signature="beforeTest()[pri:0, instance:test.TestNGExample.NewTest@77cd7a0]" name="beforeTest" is-config="true" duration-ms="0" started-at="2017-03-30T23:08:06Z" finished-at="2017-03-30T23:08:06Z">
          <exception class="org.openqa.selenium.WebDriverException">
            <message>
              <![CDATA[Failed to connect to binary FirefoxBinary(C:\Program Files (x86)\Mozilla Firefox\firefox.exe) on port 7055; process output follows: 
pocket.com.xpi","e":true,"v":"1.0.5","st":1487280723143},"webcompat@mozilla.org":{"d":"C:\\Program Files (x86)\\Mozilla Firefox\\browser\\features\\webcompat@mozilla.org.xpi","e":true,"v":"1.0","st":1487280723108}},"app-global":{"{972ce4c6-7e08-4474-a285-3208198ce6fd}":{"d":"C:\\Program Files (x86)\\Mozilla Firefox\\browser\\extensions\\{972ce4c6-7e08-4474-a285-3208198ce6fd}.xpi","e":true,"v":"51.0.1","st":1487280723328}},"winreg-app-global":{"{4ED1F68A-5463-4931-9384-8FFF5ED91D92}":{"d":"C:\\Program Files (x86)\\McAfee\\SiteAdvisor\\saffplg.xpi","e":false,"v":"5.0.512.0","st":1489165794507}}}
1490895496251	addons.xpi	DEBUG	No changes found
1490895496258	addons.xpi	DEBUG	Registering manifest for C:\Program Files (x86)\Mozilla Firefox\browser\features\aushelper@mozilla.org.xpi
1490895496259	addons.xpi	DEBUG	Loading bootstrap scope from C:\Program Files (x86)\Mozilla Firefox\browser\features\aushelper@mozilla.org.xpi
1490895496264	addons.xpi	DEBUG	Calling bootstrap method startup on aushelper@mozilla.org version 1.0
1490895496266	addons.xpi	DEBUG	Registering manifest for C:\Program Files (x86)\Mozilla Firefox\browser\features\e10srollout@mozilla.org.xpi
1490895496266	addons.xpi	DEBUG	Loading bootstrap scope from C:\Program Files (x86)\Mozilla Firefox\browser\features\e10srollout@mozilla.org.xpi
1490895496270	addons.xpi	DEBUG	Calling bootstrap method startup on e10srollout@mozilla.org version 1.7
1490895496271	addons.xpi	DEBUG	Registering manifest for C:\Program Files (x86)\Mozilla Firefox\browser\features\firefox@getpocket.com.xpi
1490895496271	addons.xpi	DEBUG	Loading bootstrap scope from C:\Program Files (x86)\Mozilla Firefox\browser\features\firefox@getpocket.com.xpi
1490895496276	addons.xpi	DEBUG	Calling bootstrap method startup on firefox@getpocket.com version 1.0.5
1490895496285	addons.xpi-utils	DEBUG	Starting async load of XPI database C:\Users\Bhanu\AppData\Local\Temp\anonymous8923470689147183764webdriver-profile\extensions.json
1490895496286	addons.xpi	DEBUG	Registering manifest for C:\Program Files (x86)\Mozilla Firefox\browser\features\webcompat@mozilla.org.xpi
1490895496286	addons.xpi	DEBUG	Loading bootstrap scope from C:\Program Files (x86)\Mozilla Firefox\browser\features\webcompat@mozilla.org.xpi
1490895496289	addons.xpi	DEBUG	Calling bootstrap method startup on webcompat@mozilla.org version 1.0
1490895496290	addons.manager	DEBUG	Registering shutdown blocker for XPIProvider
1490895496291	addons.manager	DEBUG	Provider finished startup: XPIProvider
1490895496291	addons.manager	DEBUG	Starting provider: LightweightThemeManager
1490895496291	addons.manager	DEBUG	Registering shutdown blocker for LightweightThemeManager
1490895496292	addons.manager	DEBUG	Provider finished startup: LightweightThemeManager
1490895496292	addons.manager	DEBUG	Starting provider: GMPProvider
1490895496300	addons.manager	DEBUG	Registering shutdown blocker for GMPProvider
1490895496300	addons.manager	DEBUG	Provider finished startup: GMPProvider
1490895496300	addons.manager	DEBUG	Starting provider: PluginProvider
1490895496300	addons.manager	DEBUG	Registering shutdown blocker for PluginProvider
1490895496301	addons.manager	DEBUG	Provider finished startup: PluginProvider
1490895496301	addons.manager	DEBUG	Completed startup sequence
1490895496570	addons.xpi-utils	DEBUG	Async JSON file read took 0 MS
1490895496571	addons.xpi-utils	DEBUG	Finished async read of XPI database, parsing...
1490895496573	addons.xpi-utils	DEBUG	Successfully read XPI database
1490895496583	addons.manager	DEBUG	Starting provider: <unnamed-provider>
1490895496583	addons.manager	DEBUG	Registering shutdown blocker for <unnamed-provider>
1490895496584	addons.manager	DEBUG	Provider finished startup: <unnamed-provider>
*** Blocklist::_loadBlocklistFromFile: blocklist is disabled
1490895496702	addons.manager	DEBUG	Starting provider: PreviousExperimentProvider
1490895496702	addons.manager	DEBUG	Registering shutdown blocker for PreviousExperimentProvider
1490895496702	addons.manager	DEBUG	Provider finished startup: PreviousExperimentProvider

Build info: version: '2.45.0', revision: '5017cb8e7ca8e37638dc3091b2440b90a1d8686f', time: '2015-02-27 09:10:26'
System info: host: 'Abbulu', ip: '192.168.56.1', os.name: 'Windows 10', os.arch: 'amd64', os.version: '10.0', java.version: '1.8.0_92'
Driver info: driver.version: FirefoxDriver]]>
            </message>
            <full-stacktrace>
              <![CDATA[org.openqa.selenium.WebDriverException: Failed to connect to binary FirefoxBinary(C:\Program Files (x86)\Mozilla Firefox\firefox.exe) on port 7055; process output follows: 
pocket.com.xpi","e":true,"v":"1.0.5","st":1487280723143},"webcompat@mozilla.org":{"d":"C:\\Program Files (x86)\\Mozilla Firefox\\browser\\features\\webcompat@mozilla.org.xpi","e":true,"v":"1.0","st":1487280723108}},"app-global":{"{972ce4c6-7e08-4474-a285-3208198ce6fd}":{"d":"C:\\Program Files (x86)\\Mozilla Firefox\\browser\\extensions\\{972ce4c6-7e08-4474-a285-3208198ce6fd}.xpi","e":true,"v":"51.0.1","st":1487280723328}},"winreg-app-global":{"{4ED1F68A-5463-4931-9384-8FFF5ED91D92}":{"d":"C:\\Program Files (x86)\\McAfee\\SiteAdvisor\\saffplg.xpi","e":false,"v":"5.0.512.0","st":1489165794507}}}
1490895496251	addons.xpi	DEBUG	No changes found
1490895496258	addons.xpi	DEBUG	Registering manifest for C:\Program Files (x86)\Mozilla Firefox\browser\features\aushelper@mozilla.org.xpi
1490895496259	addons.xpi	DEBUG	Loading bootstrap scope from C:\Program Files (x86)\Mozilla Firefox\browser\features\aushelper@mozilla.org.xpi
1490895496264	addons.xpi	DEBUG	Calling bootstrap method startup on aushelper@mozilla.org version 1.0
1490895496266	addons.xpi	DEBUG	Registering manifest for C:\Program Files (x86)\Mozilla Firefox\browser\features\e10srollout@mozilla.org.xpi
1490895496266	addons.xpi	DEBUG	Loading bootstrap scope from C:\Program Files (x86)\Mozilla Firefox\browser\features\e10srollout@mozilla.org.xpi
1490895496270	addons.xpi	DEBUG	Calling bootstrap method startup on e10srollout@mozilla.org version 1.7
1490895496271	addons.xpi	DEBUG	Registering manifest for C:\Program Files (x86)\Mozilla Firefox\browser\features\firefox@getpocket.com.xpi
1490895496271	addons.xpi	DEBUG	Loading bootstrap scope from C:\Program Files (x86)\Mozilla Firefox\browser\features\firefox@getpocket.com.xpi
1490895496276	addons.xpi	DEBUG	Calling bootstrap method startup on firefox@getpocket.com version 1.0.5
1490895496285	addons.xpi-utils	DEBUG	Starting async load of XPI database C:\Users\Bhanu\AppData\Local\Temp\anonymous8923470689147183764webdriver-profile\extensions.json
1490895496286	addons.xpi	DEBUG	Registering manifest for C:\Program Files (x86)\Mozilla Firefox\browser\features\webcompat@mozilla.org.xpi
1490895496286	addons.xpi	DEBUG	Loading bootstrap scope from C:\Program Files (x86)\Mozilla Firefox\browser\features\webcompat@mozilla.org.xpi
1490895496289	addons.xpi	DEBUG	Calling bootstrap method startup on webcompat@mozilla.org version 1.0
1490895496290	addons.manager	DEBUG	Registering shutdown blocker for XPIProvider
1490895496291	addons.manager	DEBUG	Provider finished startup: XPIProvider
1490895496291	addons.manager	DEBUG	Starting provider: LightweightThemeManager
1490895496291	addons.manager	DEBUG	Registering shutdown blocker for LightweightThemeManager
1490895496292	addons.manager	DEBUG	Provider finished startup: LightweightThemeManager
1490895496292	addons.manager	DEBUG	Starting provider: GMPProvider
1490895496300	addons.manager	DEBUG	Registering shutdown blocker for GMPProvider
1490895496300	addons.manager	DEBUG	Provider finished startup: GMPProvider
1490895496300	addons.manager	DEBUG	Starting provider: PluginProvider
1490895496300	addons.manager	DEBUG	Registering shutdown blocker for PluginProvider
1490895496301	addons.manager	DEBUG	Provider finished startup: PluginProvider
1490895496301	addons.manager	DEBUG	Completed startup sequence
1490895496570	addons.xpi-utils	DEBUG	Async JSON file read took 0 MS
1490895496571	addons.xpi-utils	DEBUG	Finished async read of XPI database, parsing...
1490895496573	addons.xpi-utils	DEBUG	Successfully read XPI database
1490895496583	addons.manager	DEBUG	Starting provider: <unnamed-provider>
1490895496583	addons.manager	DEBUG	Registering shutdown blocker for <unnamed-provider>
1490895496584	addons.manager	DEBUG	Provider finished startup: <unnamed-provider>
*** Blocklist::_loadBlocklistFromFile: blocklist is disabled
1490895496702	addons.manager	DEBUG	Starting provider: PreviousExperimentProvider
1490895496702	addons.manager	DEBUG	Registering shutdown blocker for PreviousExperimentProvider
1490895496702	addons.manager	DEBUG	Provider finished startup: PreviousExperimentProvider

Build info: version: '2.45.0', revision: '5017cb8e7ca8e37638dc3091b2440b90a1d8686f', time: '2015-02-27 09:10:26'
System info: host: 'Abbulu', ip: '192.168.56.1', os.name: 'Windows 10', os.arch: 'amd64', os.version: '10.0', java.version: '1.8.0_92'
Driver info: driver.version: FirefoxDriver
	at org.openqa.selenium.firefox.internal.NewProfileExtensionConnection.start(NewProfileExtensionConnection.java:130)
	at org.openqa.selenium.firefox.FirefoxDriver.startClient(FirefoxDriver.java:246)
	at org.openqa.selenium.remote.RemoteWebDriver.<init>(RemoteWebDriver.java:114)
	at org.openqa.selenium.firefox.FirefoxDriver.<init>(FirefoxDriver.java:191)
	at org.openqa.selenium.firefox.FirefoxDriver.<init>(FirefoxDriver.java:186)
	at org.openqa.selenium.firefox.FirefoxDriver.<init>(FirefoxDriver.java:182)
	at org.openqa.selenium.firefox.FirefoxDriver.<init>(FirefoxDriver.java:95)
	at test.TestNGExample.NewTest.beforeTest(NewTest.java:28)
	at sun.reflect.NativeMethodAccessorImpl.invoke0(Native Method)
	at sun.reflect.NativeMethodAccessorImpl.invoke(Unknown Source)
	at sun.reflect.DelegatingMethodAccessorImpl.invoke(Unknown Source)
	at java.lang.reflect.Method.invoke(Unknown Source)
	at org.testng.internal.MethodInvocationHelper.invokeMethod(MethodInvocationHelper.java:100)
	at org.testng.internal.Invoker.invokeConfigurationMethod(Invoker.java:515)
	at org.testng.internal.Invoker.invokeConfigurations(Invoker.java:216)
	at org.testng.internal.Invoker.invokeConfigurations(Invoker.java:143)
	at org.testng.TestRunner.beforeRun(TestRunner.java:624)
	at org.testng.TestRunner.run(TestRunner.java:592)
	at org.testng.SuiteRunner.runTest(SuiteRunner.java:366)
	at org.testng.SuiteRunner.runSequentially(SuiteRunner.java:361)
	at org.testng.SuiteRunner.privateRun(SuiteRunner.java:319)
	at org.testng.SuiteRunner.run(SuiteRunner.java:268)
	at org.testng.SuiteRunnerWorker.runSuite(SuiteRunnerWorker.java:52)
	at org.testng.SuiteRunnerWorker.run(SuiteRunnerWorker.java:86)
	at org.testng.TestNG.runSuitesSequentially(TestNG.java:1264)
	at org.testng.TestNG.runSuitesLocally(TestNG.java:1189)
	at org.testng.TestNG.runSuites(TestNG.java:1104)
	at org.testng.TestNG.run(TestNG.java:1076)
	at org.testng.remote.AbstractRemoteTestNG.run(AbstractRemoteTestNG.java:126)
	at org.testng.remote.RemoteTestNG.initAndRun(RemoteTestNG.java:152)
	at org.testng.remote.RemoteTestNG.main(RemoteTestNG.java:57)
Caused by: org.openqa.selenium.firefox.NotConnectedException: Unable to connect to host 127.0.0.1 on port 7055 after 45000 ms. Firefox console output:
pocket.com.xpi","e":true,"v":"1.0.5","st":1487280723143},"webcompat@mozilla.org":{"d":"C:\\Program Files (x86)\\Mozilla Firefox\\browser\\features\\webcompat@mozilla.org.xpi","e":true,"v":"1.0","st":1487280723108}},"app-global":{"{972ce4c6-7e08-4474-a285-3208198ce6fd}":{"d":"C:\\Program Files (x86)\\Mozilla Firefox\\browser\\extensions\\{972ce4c6-7e08-4474-a285-3208198ce6fd}.xpi","e":true,"v":"51.0.1","st":1487280723328}},"winreg-app-global":{"{4ED1F68A-5463-4931-9384-8FFF5ED91D92}":{"d":"C:\\Program Files (x86)\\McAfee\\SiteAdvisor\\saffplg.xpi","e":false,"v":"5.0.512.0","st":1489165794507}}}
1490895496251	addons.xpi	DEBUG	No changes found
1490895496258	addons.xpi	DEBUG	Registering manifest for C:\Program Files (x86)\Mozilla Firefox\browser\features\aushelper@mozilla.org.xpi
1490895496259	addons.xpi	DEBUG	Loading bootstrap scope from C:\Program Files (x86)\Mozilla Firefox\browser\features\aushelper@mozilla.org.xpi
1490895496264	addons.xpi	DEBUG	Calling bootstrap method startup on aushelper@mozilla.org version 1.0
1490895496266	addons.xpi	DEBUG	Registering manifest for C:\Program Files (x86)\Mozilla Firefox\browser\features\e10srollout@mozilla.org.xpi
1490895496266	addons.xpi	DEBUG	Loading bootstrap scope from C:\Program Files (x86)\Mozilla Firefox\browser\features\e10srollout@mozilla.org.xpi
1490895496270	addons.xpi	DEBUG	Calling bootstrap method startup on e10srollout@mozilla.org version 1.7
1490895496271	addons.xpi	DEBUG	Registering manifest for C:\Program Files (x86)\Mozilla Firefox\browser\features\firefox@getpocket.com.xpi
1490895496271	addons.xpi	DEBUG	Loading bootstrap scope from C:\Program Files (x86)\Mozilla Firefox\browser\features\firefox@getpocket.com.xpi
1490895496276	addons.xpi	DEBUG	Calling bootstrap method startup on firefox@getpocket.com version 1.0.5
1490895496285	addons.xpi-utils	DEBUG	Starting async load of XPI database C:\Users\Bhanu\AppData\Local\Temp\anonymous8923470689147183764webdriver-profile\extensions.json
1490895496286	addons.xpi	DEBUG	Registering manifest for C:\Program Files (x86)\Mozilla Firefox\browser\features\webcompat@mozilla.org.xpi
1490895496286	addons.xpi	DEBUG	Loading bootstrap scope from C:\Program Files (x86)\Mozilla Firefox\browser\features\webcompat@mozilla.org.xpi
1490895496289	addons.xpi	DEBUG	Calling bootstrap method startup on webcompat@mozilla.org version 1.0
1490895496290	addons.manager	DEBUG	Registering shutdown blocker for XPIProvider
1490895496291	addons.manager	DEBUG	Provider finished startup: XPIProvider
1490895496291	addons.manager	DEBUG	Starting provider: LightweightThemeManager
1490895496291	addons.manager	DEBUG	Registering shutdown blocker for LightweightThemeManager
1490895496292	addons.manager	DEBUG	Provider finished startup: LightweightThemeManager
1490895496292	addons.manager	DEBUG	Starting provider: GMPProvider
1490895496300	addons.manager	DEBUG	Registering shutdown blocker for GMPProvider
1490895496300	addons.manager	DEBUG	Provider finished startup: GMPProvider
1490895496300	addons.manager	DEBUG	Starting provider: PluginProvider
1490895496300	addons.manager	DEBUG	Registering shutdown blocker for PluginProvider
1490895496301	addons.manager	DEBUG	Provider finished startup: PluginProvider
1490895496301	addons.manager	DEBUG	Completed startup sequence
1490895496570	addons.xpi-utils	DEBUG	Async JSON file read took 0 MS
1490895496571	addons.xpi-utils	DEBUG	Finished async read of XPI database, parsing...
1490895496573	addons.xpi-utils	DEBUG	Successfully read XPI database
1490895496583	addons.manager	DEBUG	Starting provider: <unnamed-provider>
1490895496583	addons.manager	DEBUG	Registering shutdown blocker for <unnamed-provider>
1490895496584	addons.manager	DEBUG	Provider finished startup: <unnamed-provider>
*** Blocklist::_loadBlocklistFromFile: blocklist is disabled
1490895496702	addons.manager	DEBUG	Starting provider: PreviousExperimentProvider
1490895496702	addons.manager	DEBUG	Registering shutdown blocker for PreviousExperimentProvider
1490895496702	addons.manager	DEBUG	Provider finished startup: PreviousExperimentProvider

	at org.openqa.selenium.firefox.internal.NewProfileExtensionConnection.start(NewProfileExtensionConnection.java:118)
	... 30 more
]]>
            </full-stacktrace>
          </exception> <!-- org.openqa.selenium.WebDriverException -->
          <reporter-output>
          </reporter-output>
        </test-method> <!-- beforeTest -->
        <test-method status="SKIP" signature="testEasy()[pri:0, instance:test.TestNGExample.NewTest@77cd7a0]" name="testEasy" duration-ms="16" started-at="2017-03-30T23:09:01Z" finished-at="2017-03-30T23:09:01Z">
          <reporter-output>
          </reporter-output>
        </test-method> <!-- testEasy -->
        <test-method status="SKIP" signature="afterTest()[pri:0, instance:test.TestNGExample.NewTest@77cd7a0]" name="afterTest" is-config="true" duration-ms="0" started-at="2017-03-30T23:09:01Z" finished-at="2017-03-30T23:09:01Z">
          <reporter-output>
          </reporter-output>
        </test-method> <!-- afterTest -->
      </class> <!-- test.TestNGExample.NewTest -->
    </test> <!-- Default test -->
  </suite> <!-- Default suite -->
</testng-results>
